Time: 2021-04-16 21:56:58.795323
[Configuration]
'est_config' : ====== Intrinsic Dim Estimation of real dataset ======
'log_dir' : exp/realcase/log
'log_filename' : est.log
'logrs' : -4:0:20

-----------------derby----------------------
In training set:
number of target is 215
number of non-target is 2264
ratio of target is 0.08672851956434045
(2479, 56)
(2479, 56)
<class 'numpy.ndarray'>
>> creating intrinsic dimension solver
>> solving...
[0.01831564 0.0226075  0.02790506 0.03444398 0.04251515 0.05247762
 0.06477458 0.07995304 0.09868824 0.12181361 0.1503579  0.18559089
 0.22907995 0.28275969 0.34901807 0.43080262 0.53175153 0.65635556
 0.81015773 1.        ]
ues L1 norm to compute the distance
[[       inf        inf        inf ...        inf        inf        inf]
 [1.00083189        inf        inf ...        inf        inf        inf]
 [0.9943966  0.00643528        inf ...        inf        inf        inf]
 ...
 [3.44565825 3.25819454 3.26462982 ...        inf        inf        inf]
 [2.23024828 2.04278456 2.04921985 ... 1.34297782        inf        inf]
 [2.69677502 2.50931131 2.51574659 ... 2.75111677 1.96652675        inf]]
773 2479
850 2479
918 2479
992 2479
1098 2479
1175 2479
1255 2479
1354 2479
1495 2479
1657 2479
1756 2479
1909 2479
2060 2479
2208 2479
2352 2479
2592 2479
2842 2479
3295 2479
3724 2479
4538 2479
candidate estiamted instrinsic dim: [ 0.45104718  0.36556495  0.36824715  0.48223195  0.32194457  0.31287027
  0.36065611  0.4705494   0.48869203  0.27564134  0.39681999  0.36160058
  0.32956044  0.30009978  0.46152781  0.43737169  0.70251616  0.58136291
  0.93901813 -0.        ]
>> task finished
-----------------mvn----------------------
In training set:
number of target is 69
number of non-target is 744
ratio of target is 0.08487084870848709
(813, 45)
(813, 45)
<class 'numpy.ndarray'>
>> creating intrinsic dimension solver
>> solving...
[0.01831564 0.0226075  0.02790506 0.03444398 0.04251515 0.05247762
 0.06477458 0.07995304 0.09868824 0.12181361 0.1503579  0.18559089
 0.22907995 0.28275969 0.34901807 0.43080262 0.53175153 0.65635556
 0.81015773 1.        ]
ues L1 norm to compute the distance
[[        inf         inf         inf ...         inf         inf
          inf]
 [11.18955017         inf         inf ...         inf         inf
          inf]
 [13.43807188  4.89434365         inf ...         inf         inf
          inf]
 ...
 [21.31772619 11.77519829  9.6250975  ...         inf         inf
          inf]
 [21.23622494 11.69369704  9.54359625 ...  0.08150125         inf
          inf]
 [21.57387298 12.03134508  9.88124429 ...  0.25614679  0.33764804
          inf]]
345 813
372 813
416 813
467 813
548 813
644 813
762 813
949 813
1157 813
1441 813
1814 813
2285 813
2857 813
3629 813
4581 813
5626 813
7123 813
8391 813
9458 813
10522 813
candidate estiamted instrinsic dim: [ 0.35790983  0.53100918  0.54930899  0.75974364  0.76676134  0.79917719
  1.04244565  0.94134041  1.04265763  1.09343591  1.09645045  1.06117897
  1.13612877  1.10656089  0.97603663  1.12066881  0.77819591  0.5685809
  0.50638496 -0.        ]
>> task finished
-----------------lucence----------------------
In training set:
number of target is 1202
number of non-target is 2057
ratio of target is 0.3688247928812519
(3259, 55)
(3259, 55)
<class 'numpy.ndarray'>
>> creating intrinsic dimension solver
>> solving...
[0.01831564 0.0226075  0.02790506 0.03444398 0.04251515 0.05247762
 0.06477458 0.07995304 0.09868824 0.12181361 0.1503579  0.18559089
 0.22907995 0.28275969 0.34901807 0.43080262 0.53175153 0.65635556
 0.81015773 1.        ]
ues L1 norm to compute the distance
[[           inf            inf            inf ...            inf
             inf            inf]
 [3.37214856e-01            inf            inf ...            inf
             inf            inf]
 [1.03820834e+01 1.06971530e+01            inf ...            inf
             inf            inf]
 ...
 [8.20942288e+00 8.52449247e+00 9.15183248e+00 ...            inf
             inf            inf]
 [8.21761807e+00 8.53268766e+00 9.16002768e+00 ... 8.19519344e-03
             inf            inf]
 [1.15211840e+01 1.13359617e+01 1.09241719e+01 ... 3.91279289e+00
  3.92098809e+00            inf]]
13358 3259
13421 3259
13522 3259
13650 3259
13751 3259
13853 3259
13951 3259
14091 3259
14310 3259
14549 3259
14783 3259
15000 3259
15301 3259
15600 3259
15865 3259
16127 3259
16361 3259
16687 3259
17187 3259
17742 3259
candidate estiamted instrinsic dim: [ 0.02234964  0.03561239  0.04475228  0.03501713  0.03510377  0.03348453
  0.04742925  0.07325591  0.07867743  0.07578914  0.06921856  0.09437293
  0.09192546  0.08001143  0.07780244  0.06842645  0.09371522  0.14023573
  0.15096177 -0.        ]
>> task finished
-----------------phoenix----------------------
In training set:
number of target is 393
number of non-target is 1842
ratio of target is 0.17583892617449665
(2235, 42)
(2235, 42)
<class 'numpy.ndarray'>
>> creating intrinsic dimension solver
>> solving...
[0.01831564 0.0226075  0.02790506 0.03444398 0.04251515 0.05247762
 0.06477458 0.07995304 0.09868824 0.12181361 0.1503579  0.18559089
 0.22907995 0.28275969 0.34901807 0.43080262 0.53175153 0.65635556
 0.81015773 1.        ]
ues L1 norm to compute the distance
[[       inf        inf        inf ...        inf        inf        inf]
 [6.72909383        inf        inf ...        inf        inf        inf]
 [5.26006405 1.46995341        inf ...        inf        inf        inf]
 ...
 [5.41806648 6.57504395 7.10601417 ...        inf        inf        inf]
 [5.43934896 6.59632643 7.12729665 ... 0.02128248        inf        inf]
 [5.4279983  6.58497577 7.11594599 ... 0.00993182 0.01135065        inf]]
2016 2235
2297 2235
2536 2235
2848 2235
3245 2235
3687 2235
4175 2235
4589 2235
5045 2235
5362 2235
5700 2235
5959 2235
6164 2235
6370 2235
6613 2235
6842 2235
7215 2235
7666 2235
7943 2235
8402 2235
candidate estiamted instrinsic dim: [ 0.61982072  0.47017454  0.55113755  0.61986719  0.6065644   0.59043089
  0.44910194  0.44999371  0.28946208  0.29036339  0.21107341  0.16066037
  0.15614937  0.17783021  0.16170272  0.25214     0.28800568  0.16860634
  0.26684899 -0.        ]
>> task finished
-----------------cass----------------------
In training set:
number of target is 383
number of non-target is 2201
ratio of target is 0.14821981424148606
(2584, 53)
(2584, 53)
<class 'numpy.ndarray'>
>> creating intrinsic dimension solver
>> solving...
[0.01831564 0.0226075  0.02790506 0.03444398 0.04251515 0.05247762
 0.06477458 0.07995304 0.09868824 0.12181361 0.1503579  0.18559089
 0.22907995 0.28275969 0.34901807 0.43080262 0.53175153 0.65635556
 0.81015773 1.        ]
ues L1 norm to compute the distance
[[        inf         inf         inf ...         inf         inf
          inf]
 [ 2.7840004          inf         inf ...         inf         inf
          inf]
 [ 5.40720927  6.17332462         inf ...         inf         inf
          inf]
 ...
 [10.69533447 11.12181862  8.09418377 ...         inf         inf
          inf]
 [ 9.95312046 12.73712086  6.84051688 ...  3.38065969         inf
          inf]
 [11.50837978 13.4327799   8.45792936 ...  2.71077584  1.61741248
          inf]]
9030 2584
10141 2584
11395 2584
12853 2584
14468 2584
17379 2584
19600 2584
21806 2584
27020 2584
30120 2584
34195 2584
36016 2584
37531 2584
39225 2584
41366 2584
42234 2584
43443 2584
52768 2584
62447 2584
66998 2584
candidate estiamted instrinsic dim: [ 0.55116266  0.55379324  0.57191228  0.56221982  0.87078552  0.57126818
  0.50661408  1.01836281  0.51590733  0.60272765  0.24644829  0.19571888
  0.20969844  0.2524387   0.09863991  0.13406471  0.92366226  0.79996294
  0.33413671 -0.        ]
>> task finished
-----------------jmeter----------------------
In training set:
number of target is 150
number of non-target is 454
ratio of target is 0.24834437086092714
(604, 47)
(604, 47)
<class 'numpy.ndarray'>
>> creating intrinsic dimension solver
>> solving...
[0.01831564 0.0226075  0.02790506 0.03444398 0.04251515 0.05247762
 0.06477458 0.07995304 0.09868824 0.12181361 0.1503579  0.18559089
 0.22907995 0.28275969 0.34901807 0.43080262 0.53175153 0.65635556
 0.81015773 1.        ]
ues L1 norm to compute the distance
[[       inf        inf        inf ...        inf        inf        inf]
 [0.40318779        inf        inf ...        inf        inf        inf]
 [0.6278659  0.22606081        inf ...        inf        inf        inf]
 ...
 [5.76408492 6.11196445 6.33802526 ...        inf        inf        inf]
 [6.91862046 7.26649999 7.4925608  ... 1.80472061        inf        inf]
 [6.89349815 7.24137768 7.46743849 ... 1.82984292 0.02512231        inf]]
32 604
36 604
38 604
39 604
41 604
46 604
50 604
53 604
57 604
64 604
69 604
77 604
87 604
96 604
110 604
137 604
163 604
201 604
266 604
368 604
candidate estiamted instrinsic dim: [ 0.55946942  0.2568193   0.12338356  0.2375495   0.54657932  0.39606264
  0.27677731  0.34560693  0.55020112  0.35731125  0.52106986  0.57998781
  0.46759035  0.64662783  1.04262766  0.82540406  0.99538486  1.33090915
  1.54178649 -0.        ]
>> task finished
-----------------tomcat----------------------
In training set:
number of target is 399
number of non-target is 1036
ratio of target is 0.2780487804878049
(1435, 58)
(1435, 58)
<class 'numpy.ndarray'>
>> creating intrinsic dimension solver
>> solving...
[0.01831564 0.0226075  0.02790506 0.03444398 0.04251515 0.05247762
 0.06477458 0.07995304 0.09868824 0.12181361 0.1503579  0.18559089
 0.22907995 0.28275969 0.34901807 0.43080262 0.53175153 0.65635556
 0.81015773 1.        ]
ues L1 norm to compute the distance
[[        inf         inf         inf ...         inf         inf
          inf]
 [ 8.53818475         inf         inf ...         inf         inf
          inf]
 [ 7.47711274  3.13071777         inf ...         inf         inf
          inf]
 ...
 [ 8.21719067 11.26840487 10.27359845 ...         inf         inf
          inf]
 [ 8.93399642  9.86636645  8.91469289 ...  9.49739644         inf
          inf]
 [ 5.40240979  8.32180814  7.32016586 ...  6.9796621   6.68319726
          inf]]
1089 1435
1131 1435
1182 1435
1211 1435
1284 1435
1341 1435
1453 1435
1563 1435
1634 1435
1697 1435
1772 1435
1843 1435
1904 1435
1957 1435
2032 1435
2108 1435
2296 1435
2453 1435
2861 1435
3267 1435
candidate estiamted instrinsic dim: [ 0.17975118  0.20950218  0.11513309  0.27803527  0.20631815  0.38102021
  0.34663917  0.21101374  0.1796972   0.20542261  0.18660768  0.15467072
  0.13041482  0.17863725  0.17441573  0.40578703  0.31418061  0.73083238
  0.63032936 -0.        ]
>> task finished
-----------------ant----------------------
In training set:
number of target is 230
number of non-target is 999
ratio of target is 0.1871440195280716
(1229, 54)
(1229, 54)
<class 'numpy.ndarray'>
>> creating intrinsic dimension solver
>> solving...
[0.01831564 0.0226075  0.02790506 0.03444398 0.04251515 0.05247762
 0.06477458 0.07995304 0.09868824 0.12181361 0.1503579  0.18559089
 0.22907995 0.28275969 0.34901807 0.43080262 0.53175153 0.65635556
 0.81015773 1.        ]
ues L1 norm to compute the distance
[[        inf         inf         inf ...         inf         inf
          inf]
 [14.20319311         inf         inf ...         inf         inf
          inf]
 [ 3.91654815 15.28290745         inf ...         inf         inf
          inf]
 ...
 [20.80483369 10.64985627 23.67133271 ...         inf         inf
          inf]
 [16.22955405  9.62177469 18.14991724 ...  9.95414096         inf
          inf]
 [16.42184956  7.33124545 18.27702704 ...  8.95114952  3.32823416
          inf]]
109 1229
119 1229
128 1229
151 1229
160 1229
170 1229
188 1229
200 1229
216 1229
224 1229
241 1229
248 1229
263 1229
277 1229
295 1229
321 1229
353 1229
403 1229
441 1229
499 1229
candidate estiamted instrinsic dim: [ 0.41693415  0.34630716  0.78493547  0.2749964   0.28796695  0.47805675
  0.29390817  0.36556495  0.17274631  0.34746669  0.13600111  0.27894511
  0.2463515   0.29904979  0.40121239  0.45137794  0.6292254   0.42801449
  0.5869158  -0.        ]
>> task finished
-----------------commons----------------------
In training set:
number of target is 51
number of non-target is 674
ratio of target is 0.0703448275862069
(725, 37)
(725, 37)
<class 'numpy.ndarray'>
>> creating intrinsic dimension solver
>> solving...
[0.01831564 0.0226075  0.02790506 0.03444398 0.04251515 0.05247762
 0.06477458 0.07995304 0.09868824 0.12181361 0.1503579  0.18559089
 0.22907995 0.28275969 0.34901807 0.43080262 0.53175153 0.65635556
 0.81015773 1.        ]
ues L1 norm to compute the distance
[[        inf         inf         inf ...         inf         inf
          inf]
 [ 2.33893331         inf         inf ...         inf         inf
          inf]
 [11.5006942  13.83962751         inf ...         inf         inf
          inf]
 ...
 [ 6.60938511  7.77145058 12.48813394 ...         inf         inf
          inf]
 [ 9.60716928 10.9309625  16.38345909 ...  5.14142081         inf
          inf]
 [ 7.14667862  7.97109965 13.9598295  ...  3.21050924  3.06290069
          inf]]
642 725
799 725
932 725
1062 725
1197 725
1366 725
1526 725
1697 725
1987 725
2182 725
2346 725
2539 725
2698 725
3013 725
3228 725
3408 725
3636 725
3947 725
4111 725
4315 725
candidate estiamted instrinsic dim: [ 1.03917005  0.73136638  0.62023784  0.56840639  0.62732459  0.52612507
  0.50450725  0.74937889  0.44467564  0.34423185  0.37552812  0.28851716
  0.52452114  0.32740083  0.25774858  0.30760319  0.3898402   0.19337493
  0.23004733 -0.        ]
>> task finished
