Time: 2021-04-16 21:47:09.374253
[Configuration]
'est_config' : ====== Intrinsic Dim Estimation of real dataset ======
'log_dir' : exp/realcase/log
'log_filename' : est.log
'logrs' : -10:10:20

>> creating intrinsic dimension solver
>> solving...
rs [4.53999298e-05 1.30079023e-04 3.72699966e-04 1.06785292e-03
 3.05959206e-03 8.76628553e-03 2.51169961e-02 7.19647439e-02
 2.06192028e-01 5.90777514e-01 1.69268460e+00 4.84984802e+00
 1.38956932e+01 3.98136782e+01 1.14073401e+02 3.26840958e+02
 9.36458553e+02 2.68312340e+03 7.68763460e+03 2.20264658e+04]
ues L1 norm to compute the distance
Distances:  [[inf inf inf ... inf inf inf]
 [49. inf inf ... inf inf inf]
 [50. 19. inf ... inf inf inf]
 ...
 [27. 36. 25. ... inf inf inf]
 [ 1. 50. 51. ... 28. inf inf]
 [ 7. 48. 45. ... 20.  8. inf]]
0.0
candidate estiamted instrinsic dim: [-0.00000000e+00 -0.00000000e+00 -0.00000000e+00 -0.00000000e+00
 -0.00000000e+00 -0.00000000e+00 -0.00000000e+00 -0.00000000e+00
 -0.00000000e+00  9.92789576e-01  1.85540372e+00  2.43827277e+00
  1.73866944e+00  9.13414936e-01  2.33742043e-01  3.25161629e-02
  3.16849604e-03  3.83876242e-04 -0.00000000e+00 -0.00000000e+00]
>> creating intrinsic dimension solver
>> solving...
rs [4.53999298e-05 1.30079023e-04 3.72699966e-04 1.06785292e-03
 3.05959206e-03 8.76628553e-03 2.51169961e-02 7.19647439e-02
 2.06192028e-01 5.90777514e-01 1.69268460e+00 4.84984802e+00
 1.38956932e+01 3.98136782e+01 1.14073401e+02 3.26840958e+02
 9.36458553e+02 2.68312340e+03 7.68763460e+03 2.20264658e+04]
ues L1 norm to compute the distance
Distances:  [[ inf  inf  inf ...  inf  inf  inf]
 [ 87.  inf  inf ...  inf  inf  inf]
 [ 11.  94.  inf ...  inf  inf  inf]
 ...
 [ 52.  53.  61. ...  inf  inf  inf]
 [ 42. 125.  35. ...  92.  inf  inf]
 [241. 166. 240. ... 195. 243.  inf]]
0.0
candidate estiamted instrinsic dim: [-0.         -0.         -0.         -0.         -0.         -0.
 -0.         -0.         -0.          1.14521677  2.25673001  2.82945928
  1.8549385   0.92705258  0.32849992  0.05979937  0.00402743 -0.
 -0.         -0.        ]
>> creating intrinsic dimension solver
>> solving...
rs [4.53999298e-05 1.30079023e-04 3.72699966e-04 1.06785292e-03
 3.05959206e-03 8.76628553e-03 2.51169961e-02 7.19647439e-02
 2.06192028e-01 5.90777514e-01 1.69268460e+00 4.84984802e+00
 1.38956932e+01 3.98136782e+01 1.14073401e+02 3.26840958e+02
 9.36458553e+02 2.68312340e+03 7.68763460e+03 2.20264658e+04]
ues L1 norm to compute the distance
Distances:  [[inf inf inf ... inf inf inf]
 [17. inf inf ... inf inf inf]
 [63. 56. inf ... inf inf inf]
 ...
 [26. 13. 53. ... inf inf inf]
 [48. 41. 17. ... 36. inf inf]
 [21.  8. 52. ...  9. 37. inf]]
0.0
candidate estiamted instrinsic dim: [-0.00000000e+00 -0.00000000e+00 -0.00000000e+00 -0.00000000e+00
 -0.00000000e+00 -0.00000000e+00 -0.00000000e+00 -0.00000000e+00
 -0.00000000e+00  9.90822384e-01  1.91523804e+00  2.52375272e+00
  1.70540164e+00  9.47498737e-01  2.77928501e-01  4.37155464e-02
  3.44347679e-03  1.45050756e-04 -0.00000000e+00 -0.00000000e+00]
